<?xml version="1.0" encoding="UTF-8"?>
<testsuite xmlns:xsi="http://www.w3.org/2001/XMLSchema-instance" xsi:noNamespaceSchemaLocation="https://maven.apache.org/surefire/maven-surefire-plugin/xsd/surefire-test-report-3.0.xsd" version="3.0" name="jwt.JWTGeneratorTest" time="0.241" tests="1" errors="0" skipped="0" failures="0">
  <properties>
    <property name="java.specification.version" value="23"/>
    <property name="sun.cpu.isalist" value="amd64"/>
    <property name="sun.jnu.encoding" value="UTF-8"/>
    <property name="java.class.path" value="C:\Users\Victus\Desktop\VTYS_WebToken_Project\target\test-classes;C:\Users\Victus\Desktop\VTYS_WebToken_Project\target\classes;C:\Users\Victus\.m2\repository\io\jsonwebtoken\jjwt-api\0.11.2\jjwt-api-0.11.2.jar;C:\Users\Victus\.m2\repository\io\jsonwebtoken\jjwt-impl\0.11.2\jjwt-impl-0.11.2.jar;C:\Users\Victus\.m2\repository\io\jsonwebtoken\jjwt-jackson\0.11.2\jjwt-jackson-0.11.2.jar;C:\Users\Victus\.m2\repository\com\fasterxml\jackson\core\jackson-databind\2.9.10.4\jackson-databind-2.9.10.4.jar;C:\Users\Victus\.m2\repository\com\fasterxml\jackson\core\jackson-annotations\2.9.10\jackson-annotations-2.9.10.jar;C:\Users\Victus\.m2\repository\com\fasterxml\jackson\core\jackson-core\2.9.10\jackson-core-2.9.10.jar;C:\Users\Victus\.m2\repository\com\sparkjava\spark-core\2.9.3\spark-core-2.9.3.jar;C:\Users\Victus\.m2\repository\org\slf4j\slf4j-api\1.7.25\slf4j-api-1.7.25.jar;C:\Users\Victus\.m2\repository\org\eclipse\jetty\jetty-server\9.4.31.v20200723\jetty-server-9.4.31.v20200723.jar;C:\Users\Victus\.m2\repository\javax\servlet\javax.servlet-api\3.1.0\javax.servlet-api-3.1.0.jar;C:\Users\Victus\.m2\repository\org\eclipse\jetty\jetty-http\9.4.31.v20200723\jetty-http-9.4.31.v20200723.jar;C:\Users\Victus\.m2\repository\org\eclipse\jetty\jetty-util\9.4.31.v20200723\jetty-util-9.4.31.v20200723.jar;C:\Users\Victus\.m2\repository\org\eclipse\jetty\jetty-io\9.4.31.v20200723\jetty-io-9.4.31.v20200723.jar;C:\Users\Victus\.m2\repository\org\eclipse\jetty\jetty-webapp\9.4.31.v20200723\jetty-webapp-9.4.31.v20200723.jar;C:\Users\Victus\.m2\repository\org\eclipse\jetty\jetty-xml\9.4.31.v20200723\jetty-xml-9.4.31.v20200723.jar;C:\Users\Victus\.m2\repository\org\eclipse\jetty\jetty-servlet\9.4.31.v20200723\jetty-servlet-9.4.31.v20200723.jar;C:\Users\Victus\.m2\repository\org\eclipse\jetty\jetty-security\9.4.31.v20200723\jetty-security-9.4.31.v20200723.jar;C:\Users\Victus\.m2\repository\org\eclipse\jetty\websocket\websocket-server\9.4.31.v20200723\websocket-server-9.4.31.v20200723.jar;C:\Users\Victus\.m2\repository\org\eclipse\jetty\websocket\websocket-common\9.4.31.v20200723\websocket-common-9.4.31.v20200723.jar;C:\Users\Victus\.m2\repository\org\eclipse\jetty\websocket\websocket-client\9.4.31.v20200723\websocket-client-9.4.31.v20200723.jar;C:\Users\Victus\.m2\repository\org\eclipse\jetty\jetty-client\9.4.31.v20200723\jetty-client-9.4.31.v20200723.jar;C:\Users\Victus\.m2\repository\org\eclipse\jetty\websocket\websocket-servlet\9.4.31.v20200723\websocket-servlet-9.4.31.v20200723.jar;C:\Users\Victus\.m2\repository\org\eclipse\jetty\websocket\websocket-api\9.4.31.v20200723\websocket-api-9.4.31.v20200723.jar;C:\Users\Victus\.m2\repository\com\google\code\gson\gson\2.8.8\gson-2.8.8.jar;C:\Users\Victus\.m2\repository\org\junit\jupiter\junit-jupiter-api\5.8.1\junit-jupiter-api-5.8.1.jar;C:\Users\Victus\.m2\repository\org\opentest4j\opentest4j\1.2.0\opentest4j-1.2.0.jar;C:\Users\Victus\.m2\repository\org\junit\platform\junit-platform-commons\1.8.1\junit-platform-commons-1.8.1.jar;C:\Users\Victus\.m2\repository\org\apiguardian\apiguardian-api\1.1.2\apiguardian-api-1.1.2.jar;C:\Users\Victus\.m2\repository\org\junit\jupiter\junit-jupiter-engine\5.8.1\junit-jupiter-engine-5.8.1.jar;C:\Users\Victus\.m2\repository\org\junit\platform\junit-platform-engine\1.8.1\junit-platform-engine-1.8.1.jar;"/>
    <property name="java.vm.vendor" value="Oracle Corporation"/>
    <property name="sun.arch.data.model" value="64"/>
    <property name="user.variant" value=""/>
    <property name="java.vendor.url" value="https://java.oracle.com/"/>
    <property name="user.timezone" value="Europe/Istanbul"/>
    <property name="os.name" value="Windows 10"/>
    <property name="java.vm.specification.version" value="23"/>
    <property name="sun.java.launcher" value="SUN_STANDARD"/>
    <property name="user.country" value="TR"/>
    <property name="sun.boot.library.path" value="C:\Program Files\Java\jdk-23\bin"/>
    <property name="sun.java.command" value="C:\Users\Victus\AppData\Local\Temp\surefire2221417731066953703\surefirebooter-20250317221126918_3.jar C:\Users\Victus\AppData\Local\Temp\surefire2221417731066953703 2025-03-17T22-11-26_830-jvmRun1 surefire-20250317221126918_1tmp surefire_0-20250317221126918_2tmp"/>
    <property name="jdk.debug" value="release"/>
    <property name="surefire.test.class.path" value="C:\Users\Victus\Desktop\VTYS_WebToken_Project\target\test-classes;C:\Users\Victus\Desktop\VTYS_WebToken_Project\target\classes;C:\Users\Victus\.m2\repository\io\jsonwebtoken\jjwt-api\0.11.2\jjwt-api-0.11.2.jar;C:\Users\Victus\.m2\repository\io\jsonwebtoken\jjwt-impl\0.11.2\jjwt-impl-0.11.2.jar;C:\Users\Victus\.m2\repository\io\jsonwebtoken\jjwt-jackson\0.11.2\jjwt-jackson-0.11.2.jar;C:\Users\Victus\.m2\repository\com\fasterxml\jackson\core\jackson-databind\2.9.10.4\jackson-databind-2.9.10.4.jar;C:\Users\Victus\.m2\repository\com\fasterxml\jackson\core\jackson-annotations\2.9.10\jackson-annotations-2.9.10.jar;C:\Users\Victus\.m2\repository\com\fasterxml\jackson\core\jackson-core\2.9.10\jackson-core-2.9.10.jar;C:\Users\Victus\.m2\repository\com\sparkjava\spark-core\2.9.3\spark-core-2.9.3.jar;C:\Users\Victus\.m2\repository\org\slf4j\slf4j-api\1.7.25\slf4j-api-1.7.25.jar;C:\Users\Victus\.m2\repository\org\eclipse\jetty\jetty-server\9.4.31.v20200723\jetty-server-9.4.31.v20200723.jar;C:\Users\Victus\.m2\repository\javax\servlet\javax.servlet-api\3.1.0\javax.servlet-api-3.1.0.jar;C:\Users\Victus\.m2\repository\org\eclipse\jetty\jetty-http\9.4.31.v20200723\jetty-http-9.4.31.v20200723.jar;C:\Users\Victus\.m2\repository\org\eclipse\jetty\jetty-util\9.4.31.v20200723\jetty-util-9.4.31.v20200723.jar;C:\Users\Victus\.m2\repository\org\eclipse\jetty\jetty-io\9.4.31.v20200723\jetty-io-9.4.31.v20200723.jar;C:\Users\Victus\.m2\repository\org\eclipse\jetty\jetty-webapp\9.4.31.v20200723\jetty-webapp-9.4.31.v20200723.jar;C:\Users\Victus\.m2\repository\org\eclipse\jetty\jetty-xml\9.4.31.v20200723\jetty-xml-9.4.31.v20200723.jar;C:\Users\Victus\.m2\repository\org\eclipse\jetty\jetty-servlet\9.4.31.v20200723\jetty-servlet-9.4.31.v20200723.jar;C:\Users\Victus\.m2\repository\org\eclipse\jetty\jetty-security\9.4.31.v20200723\jetty-security-9.4.31.v20200723.jar;C:\Users\Victus\.m2\repository\org\eclipse\jetty\websocket\websocket-server\9.4.31.v20200723\websocket-server-9.4.31.v20200723.jar;C:\Users\Victus\.m2\repository\org\eclipse\jetty\websocket\websocket-common\9.4.31.v20200723\websocket-common-9.4.31.v20200723.jar;C:\Users\Victus\.m2\repository\org\eclipse\jetty\websocket\websocket-client\9.4.31.v20200723\websocket-client-9.4.31.v20200723.jar;C:\Users\Victus\.m2\repository\org\eclipse\jetty\jetty-client\9.4.31.v20200723\jetty-client-9.4.31.v20200723.jar;C:\Users\Victus\.m2\repository\org\eclipse\jetty\websocket\websocket-servlet\9.4.31.v20200723\websocket-servlet-9.4.31.v20200723.jar;C:\Users\Victus\.m2\repository\org\eclipse\jetty\websocket\websocket-api\9.4.31.v20200723\websocket-api-9.4.31.v20200723.jar;C:\Users\Victus\.m2\repository\com\google\code\gson\gson\2.8.8\gson-2.8.8.jar;C:\Users\Victus\.m2\repository\org\junit\jupiter\junit-jupiter-api\5.8.1\junit-jupiter-api-5.8.1.jar;C:\Users\Victus\.m2\repository\org\opentest4j\opentest4j\1.2.0\opentest4j-1.2.0.jar;C:\Users\Victus\.m2\repository\org\junit\platform\junit-platform-commons\1.8.1\junit-platform-commons-1.8.1.jar;C:\Users\Victus\.m2\repository\org\apiguardian\apiguardian-api\1.1.2\apiguardian-api-1.1.2.jar;C:\Users\Victus\.m2\repository\org\junit\jupiter\junit-jupiter-engine\5.8.1\junit-jupiter-engine-5.8.1.jar;C:\Users\Victus\.m2\repository\org\junit\platform\junit-platform-engine\1.8.1\junit-platform-engine-1.8.1.jar;"/>
    <property name="sun.cpu.endian" value="little"/>
    <property name="user.home" value="C:\Users\Victus"/>
    <property name="user.language" value="tr"/>
    <property name="java.specification.vendor" value="Oracle Corporation"/>
    <property name="java.version.date" value="2024-09-17"/>
    <property name="java.home" value="C:\Program Files\Java\jdk-23"/>
    <property name="file.separator" value="\"/>
    <property name="basedir" value="C:\Users\Victus\Desktop\VTYS_WebToken_Project"/>
    <property name="java.vm.compressedOopsMode" value="Zero based"/>
    <property name="line.separator" value="&#10;"/>
    <property name="java.vm.specification.vendor" value="Oracle Corporation"/>
    <property name="java.specification.name" value="Java Platform API Specification"/>
    <property name="surefire.real.class.path" value="C:\Users\Victus\AppData\Local\Temp\surefire2221417731066953703\surefirebooter-20250317221126918_3.jar"/>
    <property name="user.script" value=""/>
    <property name="sun.management.compiler" value="HotSpot 64-Bit Tiered Compilers"/>
    <property name="java.runtime.version" value="23+37-2369"/>
    <property name="user.name" value="Victus"/>
    <property name="stdout.encoding" value="UTF-8"/>
    <property name="path.separator" value=";"/>
    <property name="os.version" value="10.0"/>
    <property name="java.runtime.name" value="Java(TM) SE Runtime Environment"/>
    <property name="file.encoding" value="UTF-8"/>
    <property name="java.vm.name" value="Java HotSpot(TM) 64-Bit Server VM"/>
    <property name="localRepository" value="C:\Users\Victus\.m2\repository"/>
    <property name="java.vendor.url.bug" value="https://bugreport.java.com/bugreport/"/>
    <property name="java.io.tmpdir" value="C:\Users\Victus\AppData\Local\Temp\"/>
    <property name="java.version" value="23"/>
    <property name="user.dir" value="C:\Users\Victus\Desktop\VTYS_WebToken_Project"/>
    <property name="os.arch" value="amd64"/>
    <property name="java.vm.specification.name" value="Java Virtual Machine Specification"/>
    <property name="sun.os.patch.level" value=""/>
    <property name="native.encoding" value="UTF-8"/>
    <property name="java.library.path" value="C:\Program Files\Java\jdk-23\bin;C:\Windows\Sun\Java\bin;C:\Windows\system32;C:\Windows;C:\Users\Victus\AppData\Local\Programs\Microsoft VS Code\bin;C:\Users\Victus\AppData\Local\Programs\Python\Python39;C:\Users\Victus\AppData\Local\Programs\Python\Python39\Scripts;C:\Program Files\Common Files\Oracle\Java\javapath;C:\Program Files\NVIDIA GPU Computing Toolkit\CUDA\v11.8\bin;C:\Program Files\NVIDIA GPU Computing Toolkit\CUDA\v11.8\libnvvp;C:\Windows\system32;C:\Windows;C:\Windows\System32\Wbem;C:\Windows\System32\WindowsPowerShell\v1.0\;C:\Windows\System32\OpenSSH\;C:\Program Files\Git\cmd;C:\Program Files\NVIDIA Corporation\Nsight Compute 2024.1.0\;C:\Windows\System32;C:\Users\Victus\AppData\Roaming\pypoetry;C:\Users\Victus\AppData\Roaming\pypoetry\venv\Scripts;C:\Program Files (x86)\NVIDIA Corporation\PhysX\Common;C:\Program Files\NVIDIA Corporation\Nsight Compute 2022.3.0\;C:\Program Files\NVIDIA GPU Computing Toolkit\CUDA\v11.8\extras\CUPTI\include;C:\Program Files\NVIDIA GPU Computing Toolkit\CUDA\v11.8\extras\CUPTI\lib64;C:\Program Files\NVIDIA GPU Computing Toolkit\CUDA\v11.8\bin;C:\ProgramData\chocolatey\bin;C:\Users\Victus\AppData\Local\Programs\Python\Python39\lib\site-packages\imageio_ffmpeg\binaries\;C:\ffmpeg\bin;C:\Program Files\Apache\maven\bin;;c:\Users\Victus\AppData\Local\Programs\cursor\resources\app\bin;c:\Users\Victus\AppData\Local\Programs\cursor\resources\app\bin;C:\Users\Victus\AppData\Local\Programs\Python\Python39;C:\Program Files\Common Files\Oracle\Java\javapath;C:\Program Files\NVIDIA GPU Computing Toolkit\CUDA\v11.8\bin;C:\Program Files\NVIDIA GPU Computing Toolkit\CUDA\v11.8\libnvvp;C:\Windows\system32;C:\Windows;C:\Windows\System32\Wbem;C:\Windows\System32\WindowsPowerShell\v1.0\;C:\Windows\System32\OpenSSH\;C:\Program Files\Git\cmd;C:\Program Files\NVIDIA Corporation\Nsight Compute 2024.1.0\;C:\Users\Victus\AppData\Roaming\pypoetry;C:\Users\Victus\AppData\Roaming\pypoetry\venv\Scripts;C:\Program Files (x86)\NVIDIA Corporation\PhysX\Common;C:\Program Files\NVIDIA Corporation\Nsight Compute 2022.3.0\;C:\Program Files\NVIDIA GPU Computing Toolkit\CUDA\v11.8\extras\CUPTI\include;C:\Program Files\NVIDIA GPU Computing Toolkit\CUDA\v11.8\extras\CUPTI\lib64;C:\Program Files\NVIDIA GPU Computing Toolkit\CUDA\v11.8\bin;C:\ProgramData\chocolatey\bin;C:\Users\Victus\AppData\Local\Programs\Python\Python39\lib\site-packages\imageio_ffmpeg\binaries\;C:\Users\Victus\AppData\Local\Programs\Python\Python39\Scripts;C:\Users\Victus\AppData\Local\Programs\Python\Python39\lib\site-packages\pip;C:\Users\Victus\AppData\Local\Programs\Microsoft VS Code\bin;C:\Users\Victus\AppData\Local\Programs\cursor\resources\app\bin;C:\Users\Victus\AppData\Local\Programs\Python\Python39\Scripts;c:\Users\Victus\.vscode\extensions\ms-python.debugpy-2025.4.0-win32-x64\bundled\scripts\noConfigScripts;."/>
    <property name="java.vm.info" value="mixed mode, sharing"/>
    <property name="stderr.encoding" value="UTF-8"/>
    <property name="java.vendor" value="Oracle Corporation"/>
    <property name="java.vm.version" value="23+37-2369"/>
    <property name="sun.io.unicode.encoding" value="UnicodeLittle"/>
    <property name="java.class.version" value="67.0"/>
  </properties>
  <testcase name="testGenerateToken" classname="jwt.JWTGeneratorTest" time="0.229"/>
</testsuite>